[2023-02-17T06:28:00.816Z] Log level: Info
[2023-02-17T06:28:01.096Z] [info] Validating found git in: /usr/local/bin/git
[2023-02-17T06:28:01.160Z] [info] Using git 2.33.1 from /usr/local/bin/git
[2023-02-17T06:28:45.933Z] > git rev-parse --show-toplevel [15ms]
[2023-02-17T06:28:45.957Z] > git rev-parse --git-dir --git-common-dir [15ms]
[2023-02-17T06:28:45.965Z] [info] Open repository: /Users/yuki.kokubun/Dev/isabelle-pfd-spec
[2023-02-17T06:28:46.012Z] > git status -z -uall [33ms]
[2023-02-17T06:28:46.032Z] > git symbolic-ref --short HEAD [14ms]
[2023-02-17T06:28:46.059Z] > git for-each-ref --format=%(refname)%00%(upstream:short)%00%(objectname)%00%(upstream:track)%00%(upstream:remotename)%00%(upstream:remoteref) refs/heads/master refs/remotes/master [22ms]
[2023-02-17T06:28:46.082Z] > git for-each-ref --sort -committerdate --format %(refname) %(objectname) %(*objectname) [18ms]
[2023-02-17T06:28:46.084Z] > git remote --verbose [15ms]
[2023-02-17T06:28:46.104Z] > git config --get commit.template [12ms]
[2023-02-17T06:28:46.125Z] > git status -z -uall [14ms]
[2023-02-17T06:28:46.141Z] > git symbolic-ref --short HEAD [12ms]
[2023-02-17T06:28:46.161Z] > git for-each-ref --format=%(refname)%00%(upstream:short)%00%(objectname)%00%(upstream:track)%00%(upstream:remotename)%00%(upstream:remoteref) refs/heads/master refs/remotes/master [16ms]
[2023-02-17T06:28:46.182Z] > git for-each-ref --sort -committerdate --format %(refname) %(objectname) %(*objectname) [17ms]
[2023-02-17T06:28:46.183Z] > git remote --verbose [14ms]
[2023-02-17T06:28:46.203Z] > git config --get commit.template [13ms]
[2023-02-17T06:28:46.520Z] > git show --textconv :Example1.thy [15ms]
[2023-02-17T06:28:46.524Z] > git ls-files --stage -- /Users/yuki.kokubun/Dev/isabelle-pfd-spec/Example1.thy [15ms]
[2023-02-17T06:28:46.541Z] > git cat-file -s fb350c2ed5cd058ece2faf6355819a3c255f112c [13ms]
[2023-02-17T06:28:46.572Z] > git check-ignore -v -z --stdin [13ms]
[2023-02-17T06:28:46.578Z] > git show --textconv :Example1.thy [13ms]
[2023-02-17T06:28:46.582Z] > git ls-files --stage -- /Users/yuki.kokubun/Dev/isabelle-pfd-spec/Example1.thy [12ms]
[2023-02-17T06:28:46.599Z] > git cat-file -s fb350c2ed5cd058ece2faf6355819a3c255f112c [13ms]
[2023-02-17T06:29:18.577Z] > git show --textconv :Example1.thy [14ms]
[2023-02-17T06:29:18.579Z] > git ls-files --stage -- /Users/yuki.kokubun/Dev/isabelle-pfd-spec/Example1.thy [12ms]
[2023-02-17T06:29:18.597Z] > git cat-file -s fb350c2ed5cd058ece2faf6355819a3c255f112c [13ms]
[2023-02-17T06:29:18.636Z] > git show --textconv :Example1.thy [25ms]
[2023-02-17T06:29:18.640Z] > git ls-files --stage -- /Users/yuki.kokubun/Dev/isabelle-pfd-spec/Example1.thy [21ms]
[2023-02-17T06:29:18.657Z] > git cat-file -s fb350c2ed5cd058ece2faf6355819a3c255f112c [13ms]
[2023-02-17T06:29:25.404Z] > git show --textconv :Example1.thy [13ms]
[2023-02-17T06:29:25.408Z] > git ls-files --stage -- /Users/yuki.kokubun/Dev/isabelle-pfd-spec/Example1.thy [12ms]
[2023-02-17T06:29:25.431Z] > git cat-file -s fb350c2ed5cd058ece2faf6355819a3c255f112c [19ms]
[2023-02-17T06:29:25.460Z] > git show --textconv :Example1.thy [15ms]
[2023-02-17T06:29:25.462Z] > git ls-files --stage -- /Users/yuki.kokubun/Dev/isabelle-pfd-spec/Example1.thy [12ms]
[2023-02-17T06:29:25.478Z] > git cat-file -s fb350c2ed5cd058ece2faf6355819a3c255f112c [13ms]
[2023-02-17T06:29:39.581Z] > git show --textconv :Example1.thy [14ms]
[2023-02-17T06:29:39.584Z] > git ls-files --stage -- /Users/yuki.kokubun/Dev/isabelle-pfd-spec/Example1.thy [13ms]
[2023-02-17T06:29:39.606Z] > git cat-file -s fb350c2ed5cd058ece2faf6355819a3c255f112c [18ms]
[2023-02-17T06:29:39.636Z] > git show --textconv :Example1.thy [15ms]
[2023-02-17T06:29:39.639Z] > git ls-files --stage -- /Users/yuki.kokubun/Dev/isabelle-pfd-spec/Example1.thy [12ms]
[2023-02-17T06:29:39.655Z] > git cat-file -s fb350c2ed5cd058ece2faf6355819a3c255f112c [12ms]
[2023-02-17T06:30:07.072Z] > git show --textconv :Example1.thy [13ms]
[2023-02-17T06:30:07.077Z] > git ls-files --stage -- /Users/yuki.kokubun/Dev/isabelle-pfd-spec/Example1.thy [14ms]
[2023-02-17T06:30:07.095Z] > git cat-file -s fb350c2ed5cd058ece2faf6355819a3c255f112c [13ms]
[2023-02-17T06:30:07.124Z] > git show --textconv :Example1.thy [14ms]
[2023-02-17T06:30:07.130Z] > git ls-files --stage -- /Users/yuki.kokubun/Dev/isabelle-pfd-spec/Example1.thy [15ms]
[2023-02-17T06:30:07.153Z] > git cat-file -s fb350c2ed5cd058ece2faf6355819a3c255f112c [17ms]
[2023-02-17T06:31:39.871Z] > git show --textconv :Example1.thy [14ms]
[2023-02-17T06:31:39.872Z] > git ls-files --stage -- /Users/yuki.kokubun/Dev/isabelle-pfd-spec/Example1.thy [11ms]
[2023-02-17T06:31:39.888Z] > git cat-file -s fb350c2ed5cd058ece2faf6355819a3c255f112c [12ms]
[2023-02-17T06:31:39.921Z] > git show --textconv :Example1.thy [13ms]
[2023-02-17T06:31:39.924Z] > git ls-files --stage -- /Users/yuki.kokubun/Dev/isabelle-pfd-spec/Example1.thy [12ms]
[2023-02-17T06:31:39.941Z] > git cat-file -s fb350c2ed5cd058ece2faf6355819a3c255f112c [13ms]
[2023-02-17T08:57:59.501Z] > git rev-parse --show-toplevel [18ms]
[2023-02-17T08:57:59.501Z] fatal: not a git repository (or any of the parent directories): .git
[2023-02-17T08:58:05.220Z] > git ls-files --stage -- /Users/yuki.kokubun/Dev/isabelle-pfd-spec/Example1.thy [13ms]
[2023-02-17T08:58:05.224Z] > git show --textconv :Example1.thy [21ms]
[2023-02-17T08:58:05.235Z] > git cat-file -s fb350c2ed5cd058ece2faf6355819a3c255f112c [12ms]
[2023-02-17T08:58:05.257Z] > git show --textconv :Example1.thy [12ms]
[2023-02-17T08:58:05.260Z] > git ls-files --stage -- /Users/yuki.kokubun/Dev/isabelle-pfd-spec/Example1.thy [11ms]
[2023-02-17T08:58:05.275Z] > git cat-file -s fb350c2ed5cd058ece2faf6355819a3c255f112c [11ms]
